*************************************************************************
Starting Mindie server......

Log default lof dir is ~/mindie/log, your can use env MINDIE_LOG_PATH to change log saving dir.

Log default lof dir is ~/mindie/log, your can use env MINDIE_LOG_PATH to change log saving dir.

Log default lof dir is ~/mindie/log, your can use env MINDIE_LOG_PATH to change log saving dir.

Log default lof dir is ~/mindie/log, your can use env MINDIE_LOG_PATH to change log saving dir.

Log default lof dir is ~/mindie/log, your can use env MINDIE_LOG_PATH to change log saving dir.

Log default lof dir is ~/mindie/log, your can use env MINDIE_LOG_PATH to change log saving dir.
Daemon start success!
Daemon is killing...
/mnt/pvc.xiaozijian556/mindie_daemon/minie_start.sh: line 10: 80185 killed             ./minieservice_daemon
Mindie server started
*************************************************************************
*************************************************************************
Starting Mindie server......

Log default lof dir is ~/mindie/log, your can use env MINDIE_LOG_PATH to change log saving dir.

Log default lof dir is ~/mindie/log, your can use env MINDIE_LOG_PATH to change log saving dir.

Log default lof dir is ~/mindie/log, your can use env MINDIE_LOG_PATH to change log saving dir.

Log default lof dir is ~/mindie/log, your can use env MINDIE_LOG_PATH to change log saving dir.

Log default lof dir is ~/mindie/log, your can use env MINDIE_LOG_PATH to change log saving dir.

Log default lof dir is ~/mindie/log, your can use env MINDIE_LOG_PATH to change log saving dir.
Daemon start success!
