/mnt/data/sglang/sglang_listen.py:37: PydanticDeprecatedSince20: Pydantic V1 style `@validator` validators are deprecated. You should migrate to Pydantic V2 style `@field_validator` validators, see the migration guide for more details. Deprecated in Pydantic V2.0 to be removed in V3.0. See Pydantic V2 Migration Guide at https://errors.pydantic.dev/2.11/migration/
  @validator('log_dir', pre=True, always=True)
2025-07-07 16:18:58 - INFO - __main__ - ****************************************************************************************************
2025-07-07 16:18:58 - INFO - __main__ - **************************************************
2025-07-07 16:18:58 - INFO - __main__ - Starting sglang listener with configuration:
2025-07-07 16:18:58 - INFO - __main__ -   - Service name:       sglang
2025-07-07 16:18:58 - INFO - __main__ -   - Port:               8081
2025-07-07 16:18:58 - INFO - __main__ -   - Listening port:     8083
2025-07-07 16:18:58 - INFO - __main__ -   - Work directory:     /mnt/data/sglang
2025-07-07 16:18:58 - INFO - __main__ -   - Log directory:      /mnt/data/sglang/log
2025-07-07 16:18:58 - INFO - __main__ -   - Check interval:     30.0 seconds
2025-07-07 16:18:58 - INFO - __main__ -   - startup_wait_time:  60.0
2025-07-07 16:18:58 - INFO - __main__ -   - sh_file:            sglang_start.sh
2025-07-07 16:18:58 - INFO - __main__ -   - memory_threshold:   300
2025-07-07 16:18:58 - INFO - __main__ -   - num_threshold:      0.5
2025-07-07 16:18:58 - INFO - __main__ -   - Startup script:   
sglang_start.sh
2025-07-07 16:18:58 - INFO - __main__ - **************************************************
2025-07-07 16:18:58 - INFO - __main__ - Starting periodic health check for sglang on port 8081
2025-07-07 16:18:58 - INFO - __main__ - Starting FastAPI application with Uvicorn...
2025-07-07 16:18:58 - ERROR - __main__ - Health check failed: HTTPConnectionPool(host='localhost', port=8081): Max retries exceeded with url: /health (Caused by NewConnectionError('<urllib3.connection.HTTPConnection object at 0x7fb12c01b310>: Failed to establish a new connection: [Errno 111] Connection refused'))
INFO:     Started server process [35432]
INFO:     Waiting for application startup.
INFO:     Application startup complete.
INFO:     Uvicorn running on http://0.0.0.0:8083 (Press CTRL+C to quit)
2025-07-07 16:18:59 - WARNING - __main__ - Service sglang is not healthy, attempting to restart
2025-07-07 16:18:59 - INFO - __main__ - **************************************************
2025-07-07 16:18:59 - INFO - __main__ - Restarting service: sglang
2025-07-07 16:18:59 - INFO - __main__ - Service sglang is restarting...,please wait at least 60.0 seconds!!!!!!
2025-07-07 16:19:59 - INFO - __main__ - Service sglang restart command executed
2025-07-07 16:20:29 - INFO - __main__ - Service sglang is healthy
2025-07-07 16:20:59 - INFO - __main__ - Service sglang is healthy
2025-07-07 16:21:29 - INFO - __main__ - Service sglang is healthy
2025-07-07 16:21:59 - INFO - __main__ - Service sglang is healthy
2025-07-07 16:22:29 - INFO - __main__ - Service sglang is healthy
2025-07-07 16:22:59 - INFO - __main__ - Service sglang is healthy
2025-07-07 16:23:30 - INFO - __main__ - Service sglang is healthy
2025-07-07 16:24:00 - INFO - __main__ - Service sglang is healthy
2025-07-07 16:24:30 - INFO - __main__ - Service sglang is healthy
2025-07-07 16:25:00 - INFO - __main__ - Service sglang is healthy
2025-07-07 16:25:30 - INFO - __main__ - Service sglang is healthy
2025-07-07 16:26:00 - INFO - __main__ - Service sglang is healthy
2025-07-07 16:26:30 - INFO - __main__ - Service sglang is healthy
2025-07-07 16:27:01 - INFO - __main__ - Service sglang is healthy
2025-07-07 16:27:31 - INFO - __main__ - Service sglang is healthy
2025-07-07 16:28:01 - INFO - __main__ - Service sglang is healthy
2025-07-07 16:28:31 - INFO - __main__ - Service sglang is healthy
2025-07-07 16:29:01 - INFO - __main__ - Service sglang is healthy
2025-07-07 16:29:31 - INFO - __main__ - Service sglang is healthy
2025-07-07 16:30:01 - INFO - __main__ - Service sglang is healthy
2025-07-07 16:30:31 - INFO - __main__ - Service sglang is healthy
2025-07-07 16:31:02 - INFO - __main__ - Service sglang is healthy
2025-07-07 16:31:32 - INFO - __main__ - Service sglang is healthy
2025-07-07 16:32:02 - INFO - __main__ - Service sglang is healthy
2025-07-07 16:32:32 - INFO - __main__ - Service sglang is healthy
2025-07-07 16:33:02 - INFO - __main__ - Service sglang is healthy
2025-07-07 16:33:32 - INFO - __main__ - Service sglang is healthy
2025-07-07 16:34:02 - INFO - __main__ - Service sglang is healthy
2025-07-07 16:34:33 - INFO - __main__ - Service sglang is healthy
2025-07-07 16:35:03 - INFO - __main__ - Service sglang is healthy
2025-07-07 16:35:33 - INFO - __main__ - Service sglang is healthy
2025-07-07 16:36:03 - INFO - __main__ - Service sglang is healthy
2025-07-07 16:36:33 - INFO - __main__ - Service sglang is healthy
2025-07-07 16:37:03 - INFO - __main__ - Service sglang is healthy
2025-07-07 16:37:34 - INFO - __main__ - Service sglang is healthy
2025-07-07 16:38:04 - INFO - __main__ - Service sglang is healthy
2025-07-07 16:38:34 - INFO - __main__ - Service sglang is healthy
2025-07-07 16:39:04 - INFO - __main__ - Service sglang is healthy
2025-07-07 16:39:34 - INFO - __main__ - Service sglang is healthy
2025-07-07 16:40:04 - INFO - __main__ - Service sglang is healthy
2025-07-07 16:40:34 - INFO - __main__ - Service sglang is healthy
2025-07-07 16:41:05 - INFO - __main__ - Service sglang is healthy
2025-07-07 16:41:35 - INFO - __main__ - Service sglang is healthy
2025-07-07 16:42:05 - INFO - __main__ - Service sglang is healthy
2025-07-07 16:42:35 - ERROR - __main__ - Health check failed: HTTPConnectionPool(host='localhost', port=8081): Max retries exceeded with url: /health (Caused by NewConnectionError('<urllib3.connection.HTTPConnection object at 0x7fb12b54fe10>: Failed to establish a new connection: [Errno 111] Connection refused'))
2025-07-07 16:42:35 - WARNING - __main__ - Service sglang is not healthy, attempting to restart
2025-07-07 16:42:35 - INFO - __main__ - **************************************************
2025-07-07 16:42:35 - INFO - __main__ - Restarting service: sglang
2025-07-07 16:42:35 - INFO - __main__ - Service sglang is restarting...,please wait at least 60.0 seconds!!!!!!
2025-07-07 16:43:35 - INFO - __main__ - Service sglang restart command executed
2025-07-07 16:44:05 - INFO - __main__ - Service sglang is healthy
2025-07-07 16:44:35 - INFO - __main__ - Service sglang is healthy
2025-07-07 16:45:06 - INFO - __main__ - Service sglang is healthy
2025-07-07 16:45:36 - INFO - __main__ - Service sglang is healthy
2025-07-07 16:46:06 - INFO - __main__ - Service sglang is healthy
2025-07-07 16:46:36 - INFO - __main__ - Service sglang is healthy
2025-07-07 16:47:06 - INFO - __main__ - Service sglang is healthy
2025-07-07 16:47:36 - INFO - __main__ - Service sglang is healthy
2025-07-07 16:48:06 - INFO - __main__ - Service sglang is healthy
2025-07-07 16:48:37 - INFO - __main__ - Service sglang is healthy
2025-07-07 16:49:07 - INFO - __main__ - Service sglang is healthy
2025-07-07 16:49:37 - INFO - __main__ - Service sglang is healthy
2025-07-07 16:50:07 - INFO - __main__ - Service sglang is healthy
2025-07-07 16:50:37 - INFO - __main__ - Service sglang is healthy
2025-07-07 16:51:07 - INFO - __main__ - Service sglang is healthy
2025-07-07 16:51:37 - INFO - __main__ - Service sglang is healthy
2025-07-07 16:52:08 - INFO - __main__ - Service sglang is healthy
2025-07-07 16:52:38 - INFO - __main__ - Service sglang is healthy
2025-07-07 16:53:08 - INFO - __main__ - Service sglang is healthy
2025-07-07 16:53:38 - INFO - __main__ - Service sglang is healthy
2025-07-07 16:54:08 - INFO - __main__ - Service sglang is healthy
2025-07-07 16:54:38 - INFO - __main__ - Service sglang is healthy
2025-07-07 16:55:08 - ERROR - __main__ - Health check failed: HTTPConnectionPool(host='localhost', port=8081): Max retries exceeded with url: /health (Caused by NewConnectionError('<urllib3.connection.HTTPConnection object at 0x7fb12b570f90>: Failed to establish a new connection: [Errno 111] Connection refused'))
2025-07-07 16:55:08 - WARNING - __main__ - Service sglang is not healthy, attempting to restart
2025-07-07 16:55:08 - INFO - __main__ - **************************************************
2025-07-07 16:55:08 - INFO - __main__ - Restarting service: sglang
2025-07-07 16:55:08 - INFO - __main__ - Service sglang is restarting...,please wait at least 60.0 seconds!!!!!!
2025-07-07 16:56:08 - INFO - __main__ - Service sglang restart command executed
